<?xml version="1.0" encoding="utf-8"?>
<coverage line-rate="0.7115" branch-rate="0.5574" version="1.9" timestamp="1768189143" lines-covered="1209" lines-valid="1699" branches-covered="233" branches-valid="418">
  <sources>
    <source>C:\Users\khamp\Documents\WorkAtRL\LaoHRSystem\Backend\</source>
  </sources>
  <packages>
    <package name="LaoHR.API" line-rate="0.6696" branch-rate="0.5467" complexity="495">
      <classes>
        <class name="Program" filename="LaoHR.API\Program.cs" line-rate="0.6886" branch-rate="0.5" complexity="14">
          <methods>
            <method name="&lt;Main&gt;$" signature="(System.String[])" line-rate="0.6886" branch-rate="0.5" complexity="14">
              <lines>
                <line number="12" hits="12" branch="False" />
                <line number="15" hits="12" branch="True" condition-coverage="50% (1/2)">
                  <conditions>
                    <condition number="41" type="jump" coverage="50%" />
                  </conditions>
                </line>
                <line number="16" hits="12" branch="True" condition-coverage="50% (1/2)">
                  <conditions>
                    <condition number="77" type="jump" coverage="50%" />
                  </conditions>
                </line>
                <line number="17" hits="12" branch="True" condition-coverage="50% (1/2)">
                  <conditions>
                    <condition number="113" type="jump" coverage="50%" />
                  </conditions>
                </line>
                <line number="20" hits="12" branch="False" />
                <line number="21" hits="12" branch="False" />
                <line number="22" hits="12" branch="False" />
                <line number="23" hits="12" branch="False" />
                <line number="24" hits="24" branch="False" />
                <line number="27" hits="12" branch="False" />
                <line number="28" hits="12" branch="False" />
                <line number="29" hits="12" branch="False" />
                <line number="32" hits="12" branch="False" />
                <line number="33" hits="12" branch="False" />
                <line number="34" hits="12" branch="False" />
                <line number="35" hits="12" branch="False" />
                <line number="36" hits="12" branch="False" />
                <line number="37" hits="12" branch="False" />
                <line number="38" hits="12" branch="False" />
                <line number="39" hits="12" branch="False" />
                <line number="40" hits="12" branch="False" />
                <line number="41" hits="12" branch="False" />
                <line number="42" hits="12" branch="False" />
                <line number="43" hits="12" branch="False" />
                <line number="44" hits="12" branch="False" />
                <line number="45" hits="24" branch="False" />
                <line number="47" hits="12" branch="False" />
                <line number="49" hits="12" branch="False" />
                <line number="50" hits="12" branch="False" />
                <line number="51" hits="0" branch="False" />
                <line number="52" hits="0" branch="False" />
                <line number="53" hits="12" branch="False" />
                <line number="54" hits="12" branch="False" />
                <line number="55" hits="0" branch="False" />
                <line number="56" hits="0" branch="False" />
                <line number="57" hits="0" branch="False" />
                <line number="58" hits="0" branch="False" />
                <line number="59" hits="0" branch="False" />
                <line number="60" hits="0" branch="False" />
                <line number="61" hits="0" branch="False" />
                <line number="62" hits="0" branch="False" />
                <line number="63" hits="0" branch="False" />
                <line number="64" hits="12" branch="False" />
                <line number="65" hits="0" branch="False" />
                <line number="66" hits="12" branch="False" />
                <line number="69" hits="12" branch="False" />
                <line number="70" hits="12" branch="False" />
                <line number="73" hits="12" branch="True" condition-coverage="50% (1/2)">
                  <conditions>
                    <condition number="401" type="jump" coverage="50%" />
                  </conditions>
                </line>
                <line number="74" hits="12" branch="False" />
                <line number="75" hits="12" branch="False" />
                <line number="76" hits="69" branch="False" />
                <line number="77" hits="12" branch="False" />
                <line number="79" hits="0" branch="False" />
                <line number="80" hits="0" branch="False" />
                <line number="81" hits="0" branch="False" />
                <line number="82" hits="0" branch="False" />
                <line number="83" hits="0" branch="False" />
                <line number="84" hits="0" branch="False" />
                <line number="85" hits="0" branch="False" />
                <line number="88" hits="12" branch="False" />
                <line number="89" hits="12" branch="False" />
                <line number="90" hits="12" branch="False" />
                <line number="91" hits="12" branch="False" />
                <line number="92" hits="12" branch="False" />
                <line number="96" hits="12" branch="False" />
                <line number="97" hits="12" branch="False" />
                <line number="98" hits="12" branch="False" />
                <line number="99" hits="12" branch="False" />
                <line number="100" hits="12" branch="False" />
                <line number="101" hits="12" branch="False" />
                <line number="102" hits="12" branch="False" />
                <line number="103" hits="24" branch="False" />
                <line number="104" hits="24" branch="False" />
                <line number="106" hits="12" branch="False" />
                <line number="109" hits="12" branch="True" condition-coverage="50% (1/2)">
                  <conditions>
                    <condition number="648" type="jump" coverage="50%" />
                  </conditions>
                </line>
                <line number="110" hits="0" branch="False" />
                <line number="111" hits="0" branch="False" />
                <line number="112" hits="0" branch="False" />
                <line number="113" hits="0" branch="False" />
                <line number="114" hits="0" branch="False" />
                <line number="115" hits="0" branch="False" />
                <line number="116" hits="0" branch="False" />
                <line number="117" hits="0" branch="False" />
                <line number="119" hits="12" branch="False" />
                <line number="122" hits="12" branch="False" />
                <line number="123" hits="12" branch="False" />
                <line number="125" hits="12" branch="True" condition-coverage="50% (1/2)">
                  <conditions>
                    <condition number="752" type="jump" coverage="50%" />
                  </conditions>
                </line>
                <line number="126" hits="0" branch="False" />
                <line number="127" hits="0" branch="False" />
                <line number="128" hits="0" branch="False" />
                <line number="130" hits="12" branch="False" />
                <line number="133" hits="12" branch="False" />
                <line number="134" hits="12" branch="False" />
                <line number="135" hits="12" branch="False" />
                <line number="137" hits="12" branch="True" condition-coverage="50% (1/2)">
                  <conditions>
                    <condition number="831" type="jump" coverage="50%" />
                  </conditions>
                </line>
                <line number="138" hits="0" branch="False" />
                <line number="139" hits="0" branch="False" />
                <line number="140" hits="0" branch="False" />
                <line number="142" hits="12" branch="False" />
                <line number="143" hits="12" branch="False" />
                <line number="144" hits="12" branch="False" />
                <line number="145" hits="12" branch="False" />
                <line number="147" hits="12" branch="False" />
                <line number="148" hits="12" branch="False" />
                <line number="149" hits="12" branch="False" />
                <line number="151" hits="12" branch="False" />
              </lines>
            </method>
          </methods>
          <lines>
            <line number="12" hits="12" branch="False" />
            <line number="15" hits="12" branch="True" condition-coverage="50% (1/2)">
              <conditions>
                <condition number="41" type="jump" coverage="50%" />
              </conditions>
            </line>
            <line number="16" hits="12" branch="True" condition-coverage="50% (1/2)">
              <conditions>
                <condition number="77" type="jump" coverage="50%" />
              </conditions>
            </line>
            <line number="17" hits="12" branch="True" condition-coverage="50% (1/2)">
              <conditions>
                <condition number="113" type="jump" coverage="50%" />
              </conditions>
            </line>
            <line number="20" hits="12" branch="False" />
            <line number="21" hits="12" branch="False" />
            <line number="22" hits="12" branch="False" />
            <line number="23" hits="12" branch="False" />
            <line number="24" hits="24" branch="False" />
            <line number="27" hits="12" branch="False" />
            <line number="28" hits="12" branch="False" />
            <line number="29" hits="12" branch="False" />
            <line number="32" hits="12" branch="False" />
            <line number="33" hits="12" branch="False" />
            <line number="34" hits="12" branch="False" />
            <line number="35" hits="12" branch="False" />
            <line number="36" hits="12" branch="False" />
            <line number="37" hits="12" branch="False" />
            <line number="38" hits="12" branch="False" />
            <line number="39" hits="12" branch="False" />
            <line number="40" hits="12" branch="False" />
            <line number="41" hits="12" branch="False" />
            <line number="42" hits="12" branch="False" />
            <line number="43" hits="12" branch="False" />
            <line number="44" hits="12" branch="False" />
            <line number="45" hits="24" branch="False" />
            <line number="47" hits="12" branch="False" />
            <line number="49" hits="12" branch="False" />
            <line number="50" hits="12" branch="False" />
            <line number="51" hits="0" branch="False" />
            <line number="52" hits="0" branch="False" />
            <line number="53" hits="12" branch="False" />
            <line number="54" hits="12" branch="False" />
            <line number="55" hits="0" branch="False" />
            <line number="56" hits="0" branch="False" />
            <line number="57" hits="0" branch="False" />
            <line number="58" hits="0" branch="False" />
            <line number="59" hits="0" branch="False" />
            <line number="60" hits="0" branch="False" />
            <line number="61" hits="0" branch="False" />
            <line number="62" hits="0" branch="False" />
            <line number="63" hits="0" branch="False" />
            <line number="64" hits="12" branch="False" />
            <line number="65" hits="0" branch="False" />
            <line number="66" hits="12" branch="False" />
            <line number="69" hits="12" branch="False" />
            <line number="70" hits="12" branch="False" />
            <line number="73" hits="12" branch="True" condition-coverage="50% (1/2)">
              <conditions>
                <condition number="401" type="jump" coverage="50%" />
              </conditions>
            </line>
            <line number="74" hits="12" branch="False" />
            <line number="75" hits="12" branch="False" />
            <line number="76" hits="69" branch="False" />
            <line number="77" hits="12" branch="False" />
            <line number="79" hits="0" branch="False" />
            <line number="80" hits="0" branch="False" />
            <line number="81" hits="0" branch="False" />
            <line number="82" hits="0" branch="False" />
            <line number="83" hits="0" branch="False" />
            <line number="84" hits="0" branch="False" />
            <line number="85" hits="0" branch="False" />
            <line number="88" hits="12" branch="False" />
            <line number="89" hits="12" branch="False" />
            <line number="90" hits="12" branch="False" />
            <line number="91" hits="12" branch="False" />
            <line number="92" hits="12" branch="False" />
            <line number="96" hits="12" branch="False" />
            <line number="97" hits="12" branch="False" />
            <line number="98" hits="12" branch="False" />
            <line number="99" hits="12" branch="False" />
            <line number="100" hits="12" branch="False" />
            <line number="101" hits="12" branch="False" />
            <line number="102" hits="12" branch="False" />
            <line number="103" hits="24" branch="False" />
            <line number="104" hits="24" branch="False" />
            <line number="106" hits="12" branch="False" />
            <line number="109" hits="12" branch="True" condition-coverage="50% (1/2)">
              <conditions>
                <condition number="648" type="jump" coverage="50%" />
              </conditions>
            </line>
            <line number="110" hits="0" branch="False" />
            <line number="111" hits="0" branch="False" />
            <line number="112" hits="0" branch="False" />
            <line number="113" hits="0" branch="False" />
            <line number="114" hits="0" branch="False" />
            <line number="115" hits="0" branch="False" />
            <line number="116" hits="0" branch="False" />
            <line number="117" hits="0" branch="False" />
            <line number="119" hits="12" branch="False" />
            <line number="122" hits="12" branch="False" />
            <line number="123" hits="12" branch="False" />
            <line number="125" hits="12" branch="True" condition-coverage="50% (1/2)">
              <conditions>
                <condition number="752" type="jump" coverage="50%" />
              </conditions>
            </line>
            <line number="126" hits="0" branch="False" />
            <line number="127" hits="0" branch="False" />
            <line number="128" hits="0" branch="False" />
            <line number="130" hits="12" branch="False" />
            <line number="133" hits="12" branch="False" />
            <line number="134" hits="12" branch="False" />
            <line number="135" hits="12" branch="False" />
            <line number="137" hits="12" branch="True" condition-coverage="50% (1/2)">
              <conditions>
                <condition number="831" type="jump" coverage="50%" />
              </conditions>
            </line>
            <line number="138" hits="0" branch="False" />
            <line number="139" hits="0" branch="False" />
            <line number="140" hits="0" branch="False" />
            <line number="142" hits="12" branch="False" />
            <line number="143" hits="12" branch="False" />
            <line number="144" hits="12" branch="False" />
            <line number="145" hits="12" branch="False" />
            <line number="147" hits="12" branch="False" />
            <line number="148" hits="12" branch="False" />
            <line number="149" hits="12" branch="False" />
            <line number="151" hits="12" branch="False" />
          </lines>
        </class>
        <class name="LaoHR.API.Validators.LoginRequestValidator" filename="LaoHR.API\Validators\LoginRequestValidator.cs" line-rate="1" branch-rate="1" complexity="1">
          <methods>
            <method name=".ctor" signature="()" line-rate="1" branch-rate="1" complexity="1">
              <lines>
                <line number="8" hits="15" branch="False" />
                <line number="9" hits="15" branch="False" />
                <line number="10" hits="15" branch="False" />
                <line number="11" hits="15" branch="False" />
                <line number="12" hits="15" branch="False" />
                <line number="14" hits="15" branch="False" />
                <line number="15" hits="15" branch="False" />
                <line number="16" hits="15" branch="False" />
                <line number="17" hits="15" branch="False" />
              </lines>
            </method>
          </methods>
          <lines>
            <line number="8" hits="15" branch="False" />
            <line number="9" hits="15" branch="False" />
            <line number="10" hits="15" branch="False" />
            <line number="11" hits="15" branch="False" />
            <line number="12" hits="15" branch="False" />
            <line number="14" hits="15" branch="False" />
            <line number="15" hits="15" branch="False" />
            <line number="16" hits="15" branch="False" />
            <line number="17" hits="15" branch="False" />
          </lines>
        </class>
        <class name="LaoHR.API.Services.BankTransferService" filename="LaoHR.API\Services\BankTransferService.cs" line-rate="1" branch-rate="1" complexity="1">
          <methods>
            <method name=".ctor" signature="(LaoHR.Shared.Data.LaoHRDbContext)" line-rate="1" branch-rate="1" complexity="1">
              <lines>
                <line number="18" hits="1" branch="False" />
                <line number="19" hits="1" branch="False" />
                <line number="20" hits="1" branch="False" />
                <line number="21" hits="1" branch="False" />
              </lines>
            </method>
          </methods>
          <lines>
            <line number="18" hits="1" branch="False" />
            <line number="19" hits="1" branch="False" />
            <line number="20" hits="1" branch="False" />
            <line number="21" hits="1" branch="False" />
          </lines>
        </class>
        <class name="LaoHR.API.Services.BankTransferService/&lt;&gt;c" filename="LaoHR.API\Services\BankTransferService.cs" line-rate="1" branch-rate="1" complexity="1">
          <methods>
            <method name="&lt;GenerateBcelTransferFile&gt;b__2_0" signature="(LaoHR.Shared.Models.SalarySlip)" line-rate="1" branch-rate="1" complexity="1">
              <lines>
                <line number="36" hits="2" branch="False" />
              </lines>
            </method>
          </methods>
          <lines>
            <line number="36" hits="2" branch="False" />
          </lines>
        </class>
        <class name="LaoHR.API.Services.BankTransferService/&lt;GenerateBcelTransferFile&gt;d__2" filename="LaoHR.API\Services\BankTransferService.cs" line-rate="1" branch-rate="0.6666" complexity="6">
          <methods>
            <method name="MoveNext" signature="()" line-rate="1" branch-rate="0.6666" complexity="6">
              <lines>
                <line number="30" hits="1" branch="False" />
                <line number="31" hits="1" branch="False" />
                <line number="32" hits="1" branch="False" />
                <line number="33" hits="1" branch="False" />
                <line number="34" hits="1" branch="False" />
                <line number="37" hits="1" branch="False" />
                <line number="40" hits="1" branch="False" />
                <line number="43" hits="5" branch="True" condition-coverage="100% (2/2)">
                  <conditions>
                    <condition number="777" type="jump" coverage="100%" />
                  </conditions>
                </line>
                <line number="44" hits="1" branch="False" />
                <line number="45" hits="1" branch="True" condition-coverage="50% (2/4)">
                  <conditions>
                    <condition number="454" type="jump" coverage="50%" />
                    <condition number="466" type="jump" coverage="50%" />
                  </conditions>
                </line>
                <line number="46" hits="1" branch="False" />
                <line number="47" hits="1" branch="False" />
                <line number="48" hits="1" branch="False" />
                <line number="50" hits="1" branch="False" />
                <line number="51" hits="1" branch="False" />
                <line number="54" hits="1" branch="False" />
                <line number="56" hits="1" branch="False" />
                <line number="57" hits="1" branch="False" />
              </lines>
            </method>
          </methods>
          <lines>
            <line number="30" hits="1" branch="False" />
            <line number="31" hits="1" branch="False" />
            <line number="32" hits="1" branch="False" />
            <line number="33" hits="1" branch="False" />
            <line number="34" hits="1" branch="False" />
            <line number="37" hits="1" branch="False" />
            <line number="40" hits="1" branch="False" />
            <line number="43" hits="5" branch="True" condition-coverage="100% (2/2)">
              <conditions>
                <condition number="777" type="jump" coverage="100%" />
              </conditions>
            </line>
            <line number="44" hits="1" branch="False" />
            <line number="45" hits="1" branch="True" condition-coverage="50% (2/4)">
              <conditions>
                <condition number="454" type="jump" coverage="50%" />
                <condition number="466" type="jump" coverage="50%" />
              </conditions>
            </line>
            <line number="46" hits="1" branch="False" />
            <line number="47" hits="1" branch="False" />
            <line number="48" hits="1" branch="False" />
            <line number="50" hits="1" branch="False" />
            <line number="51" hits="1" branch="False" />
            <line number="54" hits="1" branch="False" />
            <line number="56" hits="1" branch="False" />
            <line number="57" hits="1" branch="False" />
          </lines>
        </class>
        <class name="LaoHR.API.Services.BankTransferService/&lt;GenerateLdbTransferFile&gt;d__3" filename="LaoHR.API\Services\BankTransferService.cs" line-rate="0" branch-rate="0" complexity="12">
          <methods>
            <method name="MoveNext" signature="()" line-rate="0" branch-rate="0" complexity="12">
              <lines>
                <line number="64" hits="0" branch="False" />
                <line number="65" hits="0" branch="False" />
                <line number="66" hits="0" branch="False" />
                <line number="69" hits="0" branch="False" />
                <line number="71" hits="0" branch="True" condition-coverage="0% (0/2)">
                  <conditions>
                    <condition number="585" type="jump" coverage="0%" />
                  </conditions>
                </line>
                <line number="72" hits="0" branch="False" />
                <line number="73" hits="0" branch="True" condition-coverage="0% (0/4)">
                  <conditions>
                    <condition number="228" type="jump" coverage="0%" />
                    <condition number="240" type="jump" coverage="0%" />
                  </conditions>
                </line>
                <line number="74" hits="0" branch="True" condition-coverage="0% (0/6)">
                  <conditions>
                    <condition number="266" type="jump" coverage="0%" />
                    <condition number="278" type="jump" coverage="0%" />
                    <condition number="290" type="jump" coverage="0%" />
                  </conditions>
                </line>
                <line number="75" hits="0" branch="False" />
                <line number="76" hits="0" branch="False" />
                <line number="78" hits="0" branch="False" />
                <line number="79" hits="0" branch="False" />
                <line number="81" hits="0" branch="False" />
                <line number="82" hits="0" branch="False" />
              </lines>
            </method>
          </methods>
          <lines>
            <line number="64" hits="0" branch="False" />
            <line number="65" hits="0" branch="False" />
            <line number="66" hits="0" branch="False" />
            <line number="69" hits="0" branch="False" />
            <line number="71" hits="0" branch="True" condition-coverage="0% (0/2)">
              <conditions>
                <condition number="585" type="jump" coverage="0%" />
              </conditions>
            </line>
            <line number="72" hits="0" branch="False" />
            <line number="73" hits="0" branch="True" condition-coverage="0% (0/4)">
              <conditions>
                <condition number="228" type="jump" coverage="0%" />
                <condition number="240" type="jump" coverage="0%" />
              </conditions>
            </line>
            <line number="74" hits="0" branch="True" condition-coverage="0% (0/6)">
              <conditions>
                <condition number="266" type="jump" coverage="0%" />
                <condition number="278" type="jump" coverage="0%" />
                <condition number="290" type="jump" coverage="0%" />
              </conditions>
            </line>
            <line number="75" hits="0" branch="False" />
            <line number="76" hits="0" branch="False" />
            <line number="78" hits="0" branch="False" />
            <line number="79" hits="0" branch="False" />
            <line number="81" hits="0" branch="False" />
            <line number="82" hits="0" branch="False" />
          </lines>
        </class>
        <class name="LaoHR.API.Services.BankTransferService/&lt;GetSalarySlips&gt;d__4" filename="LaoHR.API\Services\BankTransferService.cs" line-rate="1" branch-rate="1" complexity="1">
          <methods>
            <method name="MoveNext" signature="()" line-rate="1" branch-rate="1" complexity="1">
              <lines>
                <line number="85" hits="1" branch="False" />
                <line number="86" hits="1" branch="False" />
                <line number="87" hits="1" branch="False" />
                <line number="88" hits="1" branch="False" />
                <line number="89" hits="1" branch="False" />
                <line number="90" hits="1" branch="False" />
                <line number="91" hits="1" branch="False" />
                <line number="92" hits="1" branch="False" />
              </lines>
            </method>
          </methods>
          <lines>
            <line number="85" hits="1" branch="False" />
            <line number="86" hits="1" branch="False" />
            <line number="87" hits="1" branch="False" />
            <line number="88" hits="1" branch="False" />
            <line number="89" hits="1" branch="False" />
            <line number="90" hits="1" branch="False" />
            <line number="91" hits="1" branch="False" />
            <line number="92" hits="1" branch="False" />
          </lines>
        </class>
        <class name="LaoHR.API.Services.EmailService" filename="LaoHR.API\Services\EmailService.cs" line-rate="1" branch-rate="1" complexity="1">
          <methods>
            <method name=".ctor" signature="(Microsoft.Extensions.Configuration.IConfiguration,Microsoft.Extensions.Logging.ILogger`1&lt;LaoHR.API.Services.EmailService&gt;)" line-rate="1" branch-rate="1" complexity="1">
              <lines>
                <line number="17" hits="2" branch="False" />
                <line number="18" hits="2" branch="False" />
                <line number="19" hits="2" branch="False" />
                <line number="20" hits="2" branch="False" />
                <line number="21" hits="2" branch="False" />
              </lines>
            </method>
          </methods>
          <lines>
            <line number="17" hits="2" branch="False" />
            <line number="18" hits="2" branch="False" />
            <line number="19" hits="2" branch="False" />
            <line number="20" hits="2" branch="False" />
            <line number="21" hits="2" branch="False" />
          </lines>
        </class>
        <class name="LaoHR.API.Services.EmailService/&lt;SendEmailAsync&gt;d__3" filename="LaoHR.API\Services\EmailService.cs" line-rate="0.39390000000000003" branch-rate="0.5" complexity="6">
          <methods>
            <method name="MoveNext" signature="()" line-rate="0.39390000000000003" branch-rate="0.5" complexity="6">
              <lines>
                <line number="24" hits="1" branch="False" />
                <line number="26" hits="1" branch="False" />
                <line number="27" hits="1" branch="False" />
                <line number="28" hits="1" branch="True" condition-coverage="50% (1/2)">
                  <conditions>
                    <condition number="77" type="jump" coverage="50%" />
                  </conditions>
                </line>
                <line number="29" hits="1" branch="False" />
                <line number="30" hits="1" branch="False" />
                <line number="31" hits="1" branch="False" />
                <line number="32" hits="1" branch="False" />
                <line number="35" hits="1" branch="True" condition-coverage="50% (2/4)">
                  <conditions>
                    <condition number="214" type="jump" coverage="50%" />
                    <condition number="237" type="jump" coverage="50%" />
                  </conditions>
                </line>
                <line number="36" hits="1" branch="False" />
                <line number="37" hits="1" branch="False" />
                <line number="38" hits="1" branch="False" />
                <line number="41" hits="0" branch="False" />
                <line number="42" hits="0" branch="False" />
                <line number="43" hits="0" branch="False" />
                <line number="44" hits="0" branch="False" />
                <line number="45" hits="0" branch="False" />
                <line number="47" hits="0" branch="False" />
                <line number="48" hits="0" branch="False" />
                <line number="49" hits="0" branch="False" />
                <line number="50" hits="0" branch="False" />
                <line number="51" hits="0" branch="False" />
                <line number="52" hits="0" branch="False" />
                <line number="53" hits="0" branch="False" />
                <line number="55" hits="0" branch="False" />
                <line number="57" hits="0" branch="False" />
                <line number="58" hits="0" branch="False" />
                <line number="59" hits="0" branch="False" />
                <line number="60" hits="0" branch="False" />
                <line number="61" hits="0" branch="False" />
                <line number="62" hits="0" branch="False" />
                <line number="64" hits="0" branch="False" />
                <line number="65" hits="1" branch="False" />
              </lines>
            </method>
          </methods>
          <lines>
            <line number="24" hits="1" branch="False" />
            <line number="26" hits="1" branch="False" />
            <line number="27" hits="1" branch="False" />
            <line number="28" hits="1" branch="True" condition-coverage="50% (1/2)">
              <conditions>
                <condition number="77" type="jump" coverage="50%" />
              </conditions>
            </line>
            <line number="29" hits="1" branch="False" />
            <line number="30" hits="1" branch="False" />
            <line number="31" hits="1" branch="False" />
            <line number="32" hits="1" branch="False" />
            <line number="35" hits="1" branch="True" condition-coverage="50% (2/4)">
              <conditions>
                <condition number="214" type="jump" coverage="50%" />
                <condition number="237" type="jump" coverage="50%" />
              </conditions>
            </line>
            <line number="36" hits="1" branch="False" />
            <line number="37" hits="1" branch="False" />
            <line number="38" hits="1" branch="False" />
            <line number="41" hits="0" branch="False" />
            <line number="42" hits="0" branch="False" />
            <line number="43" hits="0" branch="False" />
            <line number="44" hits="0" branch="False" />
            <line number="45" hits="0" branch="False" />
            <line number="47" hits="0" branch="False" />
            <line number="48" hits="0" branch="False" />
            <line number="49" hits="0" branch="False" />
            <line number="50" hits="0" branch="False" />
            <line number="51" hits="0" branch="False" />
            <line number="52" hits="0" branch="False" />
            <line number="53" hits="0" branch="False" />
            <line number="55" hits="0" branch="False" />
            <line number="57" hits="0" branch="False" />
            <line number="58" hits="0" branch="False" />
            <line number="59" hits="0" branch="False" />
            <line number="60" hits="0" branch="False" />
            <line number="61" hits="0" branch="False" />
            <line number="62" hits="0" branch="False" />
            <line number="64" hits="0" branch="False" />
            <line number="65" hits="1" branch="False" />
          </lines>
        </class>
        <class name="LaoHR.API.Services.LaoNumberUtils" filename="LaoHR.API\Services\LaoNumberUtils.cs" line-rate="1" branch-rate="1" complexity="33">
          <methods>
            <method name="NumberToKipWords" signature="(System.Decimal)" line-rate="1" branch-rate="1" complexity="2">
              <lines>
                <line number="11" hits="16" branch="False" />
                <line number="12" hits="17" branch="True" condition-coverage="100% (2/2)">
                  <conditions>
                    <condition number="14" type="jump" coverage="100%" />
                  </conditions>
                </line>
                <line number="14" hits="15" branch="False" />
                <line number="15" hits="15" branch="False" />
                <line number="17" hits="15" branch="False" />
                <line number="18" hits="15" branch="False" />
                <line number="20" hits="15" branch="False" />
                <line number="21" hits="16" branch="False" />
              </lines>
            </method>
            <method name="Convert" signature="(System.Int64)" line-rate="1" branch-rate="1" complexity="30">
              <lines>
                <line number="24" hits="39" branch="False" />
                <line number="25" hits="39" branch="True" condition-coverage="100% (2/2)">
                  <conditions>
                    <condition number="15" type="jump" coverage="100%" />
                  </conditions>
                </line>
                <line number="26" hits="1" branch="False" />
                <line number="27" hits="1" branch="False" />
                <line number="29" hits="38" branch="True" condition-coverage="100% (2/2)">
                  <conditions>
                    <condition number="74" type="jump" coverage="100%" />
                  </conditions>
                </line>
                <line number="30" hits="3" branch="False" />
                <line number="31" hits="3" branch="False" />
                <line number="33" hits="35" branch="True" condition-coverage="100% (2/2)">
                  <conditions>
                    <condition number="133" type="jump" coverage="100%" />
                  </conditions>
                </line>
                <line number="34" hits="2" branch="False" />
                <line number="35" hits="2" branch="False" />
                <line number="37" hits="33" branch="True" condition-coverage="100% (2/2)">
                  <conditions>
                    <condition number="194" type="jump" coverage="100%" />
                  </conditions>
                </line>
                <line number="38" hits="2" branch="False" />
                <line number="39" hits="2" branch="False" />
                <line number="41" hits="31" branch="True" condition-coverage="100% (2/2)">
                  <conditions>
                    <condition number="255" type="jump" coverage="100%" />
                  </conditions>
                </line>
                <line number="42" hits="2" branch="False" />
                <line number="43" hits="2" branch="False" />
                <line number="45" hits="29" branch="True" condition-coverage="100% (2/2)">
                  <conditions>
                    <condition number="313" type="jump" coverage="100%" />
                  </conditions>
                </line>
                <line number="46" hits="2" branch="False" />
                <line number="47" hits="2" branch="False" />
                <line number="49" hits="27" branch="True" condition-coverage="100% (2/2)">
                  <conditions>
                    <condition number="365" type="jump" coverage="100%" />
                  </conditions>
                </line>
                <line number="50" hits="6" branch="False" />
                <line number="51" hits="7" branch="True" condition-coverage="100% (2/2)">
                  <conditions>
                    <condition number="381" type="jump" coverage="100%" />
                  </conditions>
                </line>
                <line number="52" hits="6" branch="True" condition-coverage="100% (2/2)">
                  <conditions>
                    <condition number="404" type="jump" coverage="100%" />
                  </conditions>
                </line>
                <line number="54" hits="4" branch="False" />
                <line number="55" hits="4" branch="False" />
                <line number="57" hits="4" branch="True" condition-coverage="100% (4/4)">
                  <conditions>
                    <condition number="435" type="jump" coverage="100%" />
                    <condition number="441" type="jump" coverage="100%" />
                  </conditions>
                </line>
                <line number="58" hits="4" branch="True" condition-coverage="100% (6/6)">
                  <conditions>
                    <condition number="480" type="jump" coverage="100%" />
                    <condition number="486" type="jump" coverage="100%" />
                    <condition number="492" type="jump" coverage="100%" />
                  </conditions>
                </line>
                <line number="60" hits="4" branch="False" />
                <line number="64" hits="28" branch="True" condition-coverage="100% (2/2)">
                  <conditions>
                    <condition number="540" type="jump" coverage="100%" />
                  </conditions>
                </line>
                <line number="65" hits="14" branch="False" />
                <line number="66" hits="39" branch="False" />
              </lines>
            </method>
            <method name=".cctor" signature="()" line-rate="1" branch-rate="1" complexity="1">
              <lines>
                <line number="8" hits="1" branch="False" />
              </lines>
            </method>
          </methods>
          <lines>
            <line number="11" hits="16" branch="False" />
            <line number="12" hits="17" branch="True" condition-coverage="100% (2/2)">
              <conditions>
                <condition number="14" type="jump" coverage="100%" />
              </conditions>
            </line>
            <line number="14" hits="15" branch="False" />
            <line number="15" hits="15" branch="False" />
            <line number="17" hits="15" branch="False" />
            <line number="18" hits="15" branch="False" />
            <line number="20" hits="15" branch="False" />
            <line number="21" hits="16" branch="False" />
            <line number="24" hits="39" branch="False" />
            <line number="25" hits="39" branch="True" condition-coverage="100% (2/2)">
              <conditions>
                <condition number="15" type="jump" coverage="100%" />
              </conditions>
            </line>
            <line number="26" hits="1" branch="False" />
            <line number="27" hits="1" branch="False" />
            <line number="29" hits="38" branch="True" condition-coverage="100% (2/2)">
              <conditions>
                <condition number="74" type="jump" coverage="100%" />
              </conditions>
            </line>
            <line number="30" hits="3" branch="False" />
            <line number="31" hits="3" branch="False" />
            <line number="33" hits="35" branch="True" condition-coverage="100% (2/2)">
              <conditions>
                <condition number="133" type="jump" coverage="100%" />
              </conditions>
            </line>
            <line number="34" hits="2" branch="False" />
            <line number="35" hits="2" branch="False" />
            <line number="37" hits="33" branch="True" condition-coverage="100% (2/2)">
              <conditions>
                <condition number="194" type="jump" coverage="100%" />
              </conditions>
            </line>
            <line number="38" hits="2" branch="False" />
            <line number="39" hits="2" branch="False" />
            <line number="41" hits="31" branch="True" condition-coverage="100% (2/2)">
              <conditions>
                <condition number="255" type="jump" coverage="100%" />
              </conditions>
            </line>
            <line number="42" hits="2" branch="False" />
            <line number="43" hits="2" branch="False" />
            <line number="45" hits="29" branch="True" condition-coverage="100% (2/2)">
              <conditions>
                <condition number="313" type="jump" coverage="100%" />
              </conditions>
            </line>
            <line number="46" hits="2" branch="False" />
            <line number="47" hits="2" branch="False" />
            <line number="49" hits="27" branch="True" condition-coverage="100% (2/2)">
              <conditions>
                <condition number="365" type="jump" coverage="100%" />
              </conditions>
            </line>
            <line number="50" hits="6" branch="False" />
            <line number="51" hits="7" branch="True" condition-coverage="100% (2/2)">
              <conditions>
                <condition number="381" type="jump" coverage="100%" />
              </conditions>
            </line>
            <line number="52" hits="6" branch="True" condition-coverage="100% (2/2)">
              <conditions>
                <condition number="404" type="jump" coverage="100%" />
              </conditions>
            </line>
            <line number="54" hits="4" branch="False" />
            <line number="55" hits="4" branch="False" />
            <line number="57" hits="4" branch="True" condition-coverage="100% (4/4)">
              <conditions>
                <condition number="435" type="jump" coverage="100%" />
                <condition number="441" type="jump" coverage="100%" />
              </conditions>
            </line>
            <line number="58" hits="4" branch="True" condition-coverage="100% (6/6)">
              <conditions>
                <condition number="480" type="jump" coverage="100%" />
                <condition number="486" type="jump" coverage="100%" />
                <condition number="492" type="jump" coverage="100%" />
              </conditions>
            </line>
            <line number="60" hits="4" branch="False" />
            <line number="64" hits="28" branch="True" condition-coverage="100% (2/2)">
              <conditions>
                <condition number="540" type="jump" coverage="100%" />
              </conditions>
            </line>
            <line number="65" hits="14" branch="False" />
            <line number="66" hits="39" branch="False" />
            <line number="8" hits="1" branch="False" />
          </lines>
        </class>
        <class name="LaoHR.API.Services.NssfReportService" filename="LaoHR.API\Services\NssfReportService.cs" line-rate="1" branch-rate="1" complexity="1">
          <methods>
            <method name=".ctor" signature="(LaoHR.Shared.Data.LaoHRDbContext)" line-rate="1" branch-rate="1" complexity="1">
              <lines>
                <line number="14" hits="3" branch="False" />
                <line number="15" hits="3" branch="False" />
                <line number="16" hits="3" branch="False" />
                <line number="17" hits="3" branch="False" />
              </lines>
            </method>
          </methods>
          <lines>
            <line number="14" hits="3" branch="False" />
            <line number="15" hits="3" branch="False" />
            <line number="16" hits="3" branch="False" />
            <line number="17" hits="3" branch="False" />
          </lines>
        </class>
        <class name="LaoHR.API.Services.NssfReportService/&lt;&gt;c" filename="LaoHR.API\Services\NssfReportService.cs" line-rate="1" branch-rate="1" complexity="7">
          <methods>
            <method name="&lt;GenerateNssfReport&gt;b__2_0" signature="(LaoHR.Shared.Models.SalarySlip)" line-rate="1" branch-rate="1" complexity="1">
              <lines>
                <line number="30" hits="2" branch="False" />
              </lines>
            </method>
            <method name="&lt;GenerateNssfReport&gt;b__2_1" signature="(LaoHR.Shared.Models.SalarySlip)" line-rate="1" branch-rate="1" complexity="1">
              <lines>
                <line number="31" hits="2" branch="False" />
              </lines>
            </method>
            <method name="&lt;GenerateNssfReport&gt;b__2_2" signature="(LaoHR.Shared.Models.SalarySlip)" line-rate="1" branch-rate="1" complexity="1">
              <lines>
                <line number="32" hits="2" branch="False" />
              </lines>
            </method>
            <method name="&lt;GenerateNssfReport&gt;b__2_8" signature="(QuestPDF.Infrastructure.TextStyle)" line-rate="1" branch-rate="1" complexity="1">
              <lines>
                <line number="41" hits="2" branch="False" />
              </lines>
            </method>
            <method name="&lt;GenerateNssfReport&gt;b__2_12" signature="(QuestPDF.Fluent.TableColumnsDefinitionDescriptor)" line-rate="1" branch-rate="1" complexity="1">
              <lines>
                <line number="55" hits="1" branch="False" />
                <line number="56" hits="1" branch="False" />
                <line number="57" hits="1" branch="False" />
                <line number="58" hits="1" branch="False" />
                <line number="59" hits="1" branch="False" />
                <line number="60" hits="1" branch="False" />
                <line number="61" hits="1" branch="False" />
                <line number="62" hits="2" branch="False" />
              </lines>
            </method>
            <method name="&lt;GenerateNssfReport&gt;b__2_13" signature="(QuestPDF.Fluent.TableCellDescriptor)" line-rate="1" branch-rate="1" complexity="1">
              <lines>
                <line number="65" hits="1" branch="False" />
                <line number="66" hits="1" branch="False" />
                <line number="67" hits="1" branch="False" />
                <line number="68" hits="1" branch="False" />
                <line number="69" hits="1" branch="False" />
                <line number="70" hits="1" branch="False" />
                <line number="71" hits="1" branch="False" />
                <line number="72" hits="2" branch="False" />
              </lines>
            </method>
            <method name="&lt;GenerateNssfReport&gt;b__2_11" signature="(QuestPDF.Fluent.TextDescriptor)" line-rate="1" branch-rate="1" complexity="1">
              <lines>
                <line number="98" hits="1" branch="False" />
                <line number="99" hits="1" branch="False" />
                <line number="100" hits="1" branch="False" />
                <line number="101" hits="2" branch="False" />
              </lines>
            </method>
          </methods>
          <lines>
            <line number="30" hits="2" branch="False" />
            <line number="31" hits="2" branch="False" />
            <line number="32" hits="2" branch="False" />
            <line number="41" hits="2" branch="False" />
            <line number="55" hits="1" branch="False" />
            <line number="56" hits="1" branch="False" />
            <line number="57" hits="1" branch="False" />
            <line number="58" hits="1" branch="False" />
            <line number="59" hits="1" branch="False" />
            <line number="60" hits="1" branch="False" />
            <line number="61" hits="1" branch="False" />
            <line number="62" hits="2" branch="False" />
            <line number="65" hits="1" branch="False" />
            <line number="66" hits="1" branch="False" />
            <line number="67" hits="1" branch="False" />
            <line number="68" hits="1" branch="False" />
            <line number="69" hits="1" branch="False" />
            <line number="70" hits="1" branch="False" />
            <line number="71" hits="1" branch="False" />
            <line number="72" hits="2" branch="False" />
            <line number="98" hits="1" branch="False" />
            <line number="99" hits="1" branch="False" />
            <line number="100" hits="1" branch="False" />
            <line number="101" hits="2" branch="False" />
          </lines>
        </class>
        <class name="LaoHR.API.Services.NssfReportService/&lt;&gt;c__DisplayClass2_0" filename="LaoHR.API\Services\NssfReportService.cs" line-rate="1" branch-rate="1" complexity="8">
          <methods>
            <method name="&lt;GenerateNssfReport&gt;b__3" signature="(QuestPDF.Infrastructure.IDocumentContainer)" line-rate="1" branch-rate="1" complexity="2">
              <lines>
                <line number="35" hits="1" branch="False" />
                <line number="36" hits="1" branch="True" condition-coverage="100% (2/2)">
                  <conditions>
                    <condition number="9" type="jump" coverage="100%" />
                  </conditions>
                </line>
                <line number="37" hits="1" branch="False" />
                <line number="38" hits="1" branch="False" />
                <line number="39" hits="1" branch="False" />
                <line number="40" hits="1" branch="False" />
                <line number="42" hits="1" branch="False" />
                <line number="43" hits="1" branch="False" />
                <line number="44" hits="1" branch="False" />
                <line number="45" hits="1" branch="False" />
                <line number="46" hits="1" branch="False" />
                <line number="47" hits="1" branch="False" />
                <line number="48" hits="1" branch="False" />
                <line number="49" hits="1" branch="False" />
                <line number="50" hits="2" branch="False" />
                <line number="51" hits="1" branch="False" />
                <line number="52" hits="1" branch="False" />
                <line number="53" hits="1" branch="False" />
                <line number="54" hits="1" branch="False" />
                <line number="63" hits="1" branch="False" />
                <line number="64" hits="1" branch="False" />
                <line number="73" hits="1" branch="False" />
                <line number="74" hits="1" branch="False" />
                <line number="75" hits="5" branch="False" />
                <line number="76" hits="1" branch="False" />
                <line number="77" hits="1" branch="False" />
                <line number="78" hits="1" branch="False" />
                <line number="79" hits="1" branch="False" />
                <line number="80" hits="1" branch="False" />
                <line number="81" hits="1" branch="False" />
                <line number="82" hits="1" branch="False" />
                <line number="83" hits="1" branch="False" />
                <line number="84" hits="1" branch="False" />
                <line number="85" hits="1" branch="False" />
                <line number="86" hits="1" branch="False" />
                <line number="87" hits="1" branch="False" />
                <line number="88" hits="1" branch="False" />
                <line number="89" hits="1" branch="False" />
                <line number="90" hits="1" branch="False" />
                <line number="91" hits="1" branch="False" />
                <line number="92" hits="1" branch="False" />
                <line number="93" hits="1" branch="False" />
                <line number="94" hits="1" branch="False" />
                <line number="95" hits="2" branch="False" />
                <line number="96" hits="1" branch="False" />
                <line number="97" hits="1" branch="False" />
                <line number="102" hits="2" branch="False" />
                <line number="103" hits="2" branch="False" />
              </lines>
            </method>
          </methods>
          <lines>
            <line number="35" hits="1" branch="False" />
            <line number="36" hits="1" branch="True" condition-coverage="100% (2/2)">
              <conditions>
                <condition number="9" type="jump" coverage="100%" />
              </conditions>
            </line>
            <line number="37" hits="1" branch="False" />
            <line number="38" hits="1" branch="False" />
            <line number="39" hits="1" branch="False" />
            <line number="40" hits="1" branch="False" />
            <line number="42" hits="1" branch="False" />
            <line number="43" hits="1" branch="False" />
            <line number="44" hits="1" branch="False" />
            <line number="45" hits="1" branch="False" />
            <line number="46" hits="1" branch="False" />
            <line number="47" hits="1" branch="False" />
            <line number="48" hits="1" branch="False" />
            <line number="49" hits="1" branch="False" />
            <line number="50" hits="2" branch="False" />
            <line number="51" hits="1" branch="False" />
            <line number="52" hits="1" branch="False" />
            <line number="53" hits="1" branch="False" />
            <line number="54" hits="1" branch="False" />
            <line number="63" hits="1" branch="False" />
            <line number="64" hits="1" branch="False" />
            <line number="73" hits="1" branch="False" />
            <line number="74" hits="1" branch="False" />
            <line number="75" hits="5" branch="False" />
            <line number="76" hits="1" branch="False" />
            <line number="77" hits="1" branch="False" />
            <line number="78" hits="1" branch="False" />
            <line number="79" hits="1" branch="False" />
            <line number="80" hits="1" branch="False" />
            <line number="81" hits="1" branch="False" />
            <line number="82" hits="1" branch="False" />
            <line number="83" hits="1" branch="False" />
            <line number="84" hits="1" branch="False" />
            <line number="85" hits="1" branch="False" />
            <line number="86" hits="1" branch="False" />
            <line number="87" hits="1" branch="False" />
            <line number="88" hits="1" branch="False" />
            <line number="89" hits="1" branch="False" />
            <line number="90" hits="1" branch="False" />
            <line number="91" hits="1" branch="False" />
            <line number="92" hits="1" branch="False" />
            <line number="93" hits="1" branch="False" />
            <line number="94" hits="1" branch="False" />
            <line number="95" hits="2" branch="False" />
            <line number="96" hits="1" branch="False" />
            <line number="97" hits="1" branch="False" />
            <line number="102" hits="2" branch="False" />
            <line number="103" hits="2" branch="False" />
          </lines>
        </class>
        <class name="LaoHR.API.Services.NssfReportService/&lt;GenerateNssfReport&gt;d__2" filename="LaoHR.API\Services\NssfReportService.cs" line-rate="1" branch-rate="1" complexity="2">
          <methods>
            <method name="MoveNext" signature="()" line-rate="1" branch-rate="1" complexity="2">
              <lines>
                <line number="20" hits="3" branch="False" />
                <line number="21" hits="3" branch="False" />
                <line number="22" hits="5" branch="True" condition-coverage="100% (2/2)">
                  <conditions>
                    <condition number="244" type="jump" coverage="100%" />
                  </conditions>
                </line>
                <line number="24" hits="1" branch="False" />
                <line number="25" hits="1" branch="False" />
                <line number="26" hits="1" branch="False" />
                <line number="27" hits="1" branch="False" />
                <line number="28" hits="1" branch="False" />
                <line number="34" hits="1" branch="False" />
                <line number="105" hits="1" branch="False" />
                <line number="106" hits="1" branch="False" />
              </lines>
            </method>
          </methods>
          <lines>
            <line number="20" hits="3" branch="False" />
            <line number="21" hits="3" branch="False" />
            <line number="22" hits="5" branch="True" condition-coverage="100% (2/2)">
              <conditions>
                <condition number="244" type="jump" coverage="100%" />
              </conditions>
            </line>
            <line number="24" hits="1" branch="False" />
            <line number="25" hits="1" branch="False" />
            <line number="26" hits="1" branch="False" />
            <line number="27" hits="1" branch="False" />
            <line number="28" hits="1" branch="False" />
            <line number="34" hits="1" branch="False" />
            <line number="105" hits="1" branch="False" />
            <line number="106" hits="1" branch="False" />
          </lines>
        </class>
        <class name="LaoHR.API.Services.PayrollService" filename="LaoHR.API\Services\PayrollService.cs" line-rate="0.9814" branch-rate="0.75" complexity="11">
          <methods>
            <method name="CalculateNSSF" signature="(System.Decimal)" line-rate="1" branch-rate="1" complexity="1">
              <lines>
                <line number="55" hits="2" branch="False" />
                <line number="57" hits="2" branch="False" />
                <line number="58" hits="2" branch="False" />
                <line number="59" hits="2" branch="False" />
                <line number="61" hits="2" branch="False" />
                <line number="62" hits="2" branch="False" />
              </lines>
            </method>
            <method name="CalculateProgressiveTax" signature="(System.Decimal)" line-rate="0.9333" branch-rate="0.75" complexity="8">
              <lines>
                <line number="68" hits="2" branch="False" />
                <line number="69" hits="2" branch="True" condition-coverage="50% (2/4)">
                  <conditions>
                    <condition number="7" type="jump" coverage="50%" />
                    <condition number="28" type="jump" coverage="50%" />
                  </conditions>
                </line>
                <line number="70" hits="0" branch="False" />
                <line number="72" hits="2" branch="False" />
                <line number="73" hits="2" branch="False" />
                <line number="75" hits="18" branch="True" condition-coverage="100% (2/2)">
                  <conditions>
                    <condition number="181" type="jump" coverage="100%" />
                  </conditions>
                </line>
                <line number="76" hits="6" branch="False" />
                <line number="77" hits="6" branch="True" condition-coverage="100% (2/2)">
                  <conditions>
                    <condition number="92" type="jump" coverage="100%" />
                  </conditions>
                </line>
                <line number="80" hits="6" branch="False" />
                <line number="81" hits="6" branch="False" />
                <line number="84" hits="6" branch="False" />
                <line number="85" hits="6" branch="False" />
                <line number="86" hits="6" branch="False" />
                <line number="88" hits="2" branch="False" />
                <line number="89" hits="2" branch="False" />
              </lines>
            </method>
            <method name="CalculateSalary" signature="(System.Decimal,System.Decimal,System.Decimal,System.Decimal,System.Int32)" line-rate="1" branch-rate="1" complexity="1">
              <lines>
                <line number="95" hits="2" branch="False" />
                <line number="96" hits="2" branch="False" />
                <line number="99" hits="2" branch="False" />
                <line number="102" hits="2" branch="False" />
                <line number="118" hits="2" branch="False" />
                <line number="119" hits="2" branch="False" />
                <line number="122" hits="2" branch="False" />
                <line number="125" hits="2" branch="False" />
                <line number="127" hits="2" branch="False" />
                <line number="128" hits="2" branch="False" />
                <line number="129" hits="2" branch="False" />
                <line number="130" hits="2" branch="False" />
                <line number="131" hits="2" branch="False" />
                <line number="132" hits="2" branch="False" />
                <line number="133" hits="2" branch="False" />
                <line number="134" hits="2" branch="False" />
                <line number="135" hits="2" branch="False" />
                <line number="136" hits="2" branch="False" />
                <line number="137" hits="2" branch="False" />
                <line number="138" hits="2" branch="False" />
                <line number="139" hits="2" branch="False" />
                <line number="140" hits="2" branch="False" />
                <line number="141" hits="2" branch="False" />
                <line number="142" hits="2" branch="False" />
              </lines>
            </method>
            <method name=".ctor" signature="(LaoHR.Shared.Data.LaoHRDbContext)" line-rate="1" branch-rate="1" complexity="1">
              <lines>
                <line number="15" hits="10" branch="False" />
                <line number="16" hits="10" branch="False" />
                <line number="17" hits="10" branch="False" />
                <line number="18" hits="10" branch="False" />
                <line number="19" hits="10" branch="False" />
                <line number="22" hits="10" branch="False" />
                <line number="23" hits="10" branch="False" />
                <line number="24" hits="10" branch="False" />
                <line number="25" hits="10" branch="False" />
              </lines>
            </method>
          </methods>
          <lines>
            <line number="55" hits="2" branch="False" />
            <line number="57" hits="2" branch="False" />
            <line number="58" hits="2" branch="False" />
            <line number="59" hits="2" branch="False" />
            <line number="61" hits="2" branch="False" />
            <line number="62" hits="2" branch="False" />
            <line number="68" hits="2" branch="False" />
            <line number="69" hits="2" branch="True" condition-coverage="50% (2/4)">
              <conditions>
                <condition number="7" type="jump" coverage="50%" />
                <condition number="28" type="jump" coverage="50%" />
              </conditions>
            </line>
            <line number="70" hits="0" branch="False" />
            <line number="72" hits="2" branch="False" />
            <line number="73" hits="2" branch="False" />
            <line number="75" hits="18" branch="True" condition-coverage="100% (2/2)">
              <conditions>
                <condition number="181" type="jump" coverage="100%" />
              </conditions>
            </line>
            <line number="76" hits="6" branch="False" />
            <line number="77" hits="6" branch="True" condition-coverage="100% (2/2)">
              <conditions>
                <condition number="92" type="jump" coverage="100%" />
              </conditions>
            </line>
            <line number="80" hits="6" branch="False" />
            <line number="81" hits="6" branch="False" />
            <line number="84" hits="6" branch="False" />
            <line number="85" hits="6" branch="False" />
            <line number="86" hits="6" branch="False" />
            <line number="88" hits="2" branch="False" />
            <line number="89" hits="2" branch="False" />
            <line number="95" hits="2" branch="False" />
            <line number="96" hits="2" branch="False" />
            <line number="99" hits="2" branch="False" />
            <line number="102" hits="2" branch="False" />
            <line number="118" hits="2" branch="False" />
            <line number="119" hits="2" branch="False" />
            <line number="122" hits="2" branch="False" />
            <line number="125" hits="2" branch="False" />
            <line number="127" hits="2" branch="False" />
            <line number="128" hits="2" branch="False" />
            <line number="129" hits="2" branch="False" />
            <line number="130" hits="2" branch="False" />
            <line number="131" hits="2" branch="False" />
            <line number="132" hits="2" branch="False" />
            <line number="133" hits="2" branch="False" />
            <line number="134" hits="2" branch="False" />
            <line number="135" hits="2" branch="False" />
            <line number="136" hits="2" branch="False" />
            <line number="137" hits="2" branch="False" />
            <line number="138" hits="2" branch="False" />
            <line number="139" hits="2" branch="False" />
            <line number="140" hits="2" branch="False" />
            <line number="141" hits="2" branch="False" />
            <line number="142" hits="2" branch="False" />
            <line number="15" hits="10" branch="False" />
            <line number="16" hits="10" branch="False" />
            <line number="17" hits="10" branch="False" />
            <line number="18" hits="10" branch="False" />
            <line number="19" hits="10" branch="False" />
            <line number="22" hits="10" branch="False" />
            <line number="23" hits="10" branch="False" />
            <line number="24" hits="10" branch="False" />
            <line number="25" hits="10" branch="False" />
          </lines>
        </class>
        <class name="LaoHR.API.Services.PayrollService/RateBucket" filename="LaoHR.API\Services\PayrollService.cs" line-rate="1" branch-rate="1" complexity="4">
          <methods>
            <method name="get_Start" signature="()" line-rate="1" branch-rate="1" complexity="1">
              <lines>
                <line number="273" hits="20" branch="False" />
              </lines>
            </method>
            <method name="get_End" signature="()" line-rate="1" branch-rate="1" complexity="1">
              <lines>
                <line number="274" hits="18" branch="False" />
              </lines>
            </method>
            <method name="get_Rate" signature="()" line-rate="1" branch-rate="1" complexity="1">
              <lines>
                <line number="275" hits="3" branch="False" />
              </lines>
            </method>
            <method name=".ctor" signature="(System.DateTime,System.DateTime,System.Decimal)" line-rate="1" branch-rate="1" complexity="1">
              <lines>
                <line number="277" hits="14" branch="False" />
                <line number="278" hits="14" branch="False" />
                <line number="279" hits="14" branch="False" />
                <line number="280" hits="14" branch="False" />
                <line number="281" hits="14" branch="False" />
                <line number="282" hits="14" branch="False" />
              </lines>
            </method>
          </methods>
          <lines>
            <line number="273" hits="20" branch="False" />
            <line number="274" hits="18" branch="False" />
            <line number="275" hits="3" branch="False" />
            <line number="277" hits="14" branch="False" />
            <line number="278" hits="14" branch="False" />
            <line number="279" hits="14" branch="False" />
            <line number="280" hits="14" branch="False" />
            <line number="281" hits="14" branch="False" />
            <line number="282" hits="14" branch="False" />
          </lines>
        </class>
        <class name="LaoHR.API.Services.PayrollService/&lt;&gt;c" filename="LaoHR.API\Services\PayrollService.cs" line-rate="1" branch-rate="1" complexity="2">
          <methods>
            <method name="&lt;LoadSettingsAsync&gt;b__8_0" signature="(LaoHR.Shared.Models.SystemSetting)" line-rate="1" branch-rate="1" complexity="1">
              <lines>
                <line number="32" hits="14" branch="False" />
              </lines>
            </method>
            <method name="&lt;CalculateOvertimePay&gt;b__12_3" signature="(LaoHR.Shared.Models.SystemSetting)" line-rate="1" branch-rate="1" complexity="1">
              <lines>
                <line number="163" hits="20" branch="False" />
              </lines>
            </method>
          </methods>
          <lines>
            <line number="32" hits="14" branch="False" />
            <line number="163" hits="20" branch="False" />
          </lines>
        </class>
        <class name="LaoHR.API.Services.PayrollService/&lt;CalculateOvertimePay&gt;d__12" filename="LaoHR.API\Services\PayrollService.cs" line-rate="1" branch-rate="0.875" complexity="32">
          <methods>
            <method name="MoveNext" signature="()" line-rate="1" branch-rate="0.875" complexity="32">
              <lines>
                <line number="148" hits="4" branch="False" />
                <line number="150" hits="4" branch="False" />
                <line number="151" hits="4" branch="False" />
                <line number="153" hits="4" branch="False" />
                <line number="154" hits="4" branch="False" />
                <line number="155" hits="4" branch="False" />
                <line number="157" hits="4" branch="False" />
                <line number="158" hits="4" branch="False" />
                <line number="159" hits="4" branch="False" />
                <line number="160" hits="4" branch="False" />
                <line number="165" hits="4" branch="False" />
                <line number="166" hits="4" branch="False" />
                <line number="168" hits="20" branch="True" condition-coverage="100% (2/2)">
                  <conditions>
                    <condition number="3077" type="jump" coverage="100%" />
                  </conditions>
                </line>
                <line number="169" hits="4" branch="False" />
                <line number="170" hits="4" branch="True" condition-coverage="75% (3/4)">
                  <conditions>
                    <condition number="1316" type="jump" coverage="50%" />
                    <condition number="1348" type="jump" coverage="100%" />
                  </conditions>
                </line>
                <line number="172" hits="4" branch="False" />
                <line number="173" hits="4" branch="False" />
                <line number="177" hits="4" branch="True" condition-coverage="100% (2/2)">
                  <conditions>
                    <condition number="1428" type="jump" coverage="100%" />
                  </conditions>
                </line>
                <line number="179" hits="4" branch="False" />
                <line number="180" hits="4" branch="True" condition-coverage="50% (1/2)">
                  <conditions>
                    <condition number="1494" type="jump" coverage="50%" />
                  </conditions>
                </line>
                <line number="183" hits="4" branch="False" />
                <line number="185" hits="4" branch="True" condition-coverage="100% (2/2)">
                  <conditions>
                    <condition number="1555" type="jump" coverage="100%" />
                  </conditions>
                </line>
                <line number="186" hits="2" branch="False" />
                <line number="189" hits="2" branch="False" />
                <line number="191" hits="2" branch="False" />
                <line number="193" hits="2" branch="False" />
                <line number="197" hits="2" branch="False" />
                <line number="198" hits="2" branch="False" />
                <line number="200" hits="2" branch="False" />
                <line number="213" hits="2" branch="False" />
                <line number="216" hits="2" branch="False" />
                <line number="219" hits="2" branch="False" />
                <line number="220" hits="2" branch="False" />
                <line number="223" hits="4" branch="False" />
                <line number="224" hits="4" branch="False" />
                <line number="227" hits="40" branch="True" condition-coverage="100% (2/2)">
                  <conditions>
                    <condition number="3009" type="jump" coverage="100%" />
                  </conditions>
                </line>
                <line number="228" hits="14" branch="False" />
                <line number="230" hits="14" branch="True" condition-coverage="100% (2/2)">
                  <conditions>
                    <condition number="2479" type="jump" coverage="100%" />
                  </conditions>
                </line>
                <line number="231" hits="14" branch="True" condition-coverage="100% (2/2)">
                  <conditions>
                    <condition number="2528" type="jump" coverage="100%" />
                  </conditions>
                </line>
                <line number="233" hits="14" branch="True" condition-coverage="100% (2/2)">
                  <conditions>
                    <condition number="2575" type="jump" coverage="100%" />
                  </conditions>
                </line>
                <line number="234" hits="4" branch="False" />
                <line number="236" hits="4" branch="True" condition-coverage="100% (4/4)">
                  <conditions>
                    <condition number="2587" type="jump" coverage="100%" />
                    <condition number="2605" type="jump" coverage="100%" />
                  </conditions>
                </line>
                <line number="237" hits="2" branch="False" />
                <line number="240" hits="2" branch="True" condition-coverage="50% (1/2)">
                  <conditions>
                    <condition number="2629" type="jump" coverage="50%" />
                  </conditions>
                </line>
                <line number="241" hits="2" branch="True" condition-coverage="50% (1/2)">
                  <conditions>
                    <condition number="2668" type="jump" coverage="50%" />
                  </conditions>
                </line>
                <line number="243" hits="2" branch="False" />
                <line number="244" hits="2" branch="False" />
                <line number="246" hits="2" branch="True" condition-coverage="100% (2/2)">
                  <conditions>
                    <condition number="2759" type="jump" coverage="100%" />
                  </conditions>
                </line>
                <line number="247" hits="2" branch="False" />
                <line number="248" hits="2" branch="False" />
                <line number="249" hits="2" branch="False" />
                <line number="251" hits="2" branch="False" />
                <line number="252" hits="2" branch="True" condition-coverage="100% (2/2)">
                  <conditions>
                    <condition number="2843" type="jump" coverage="100%" />
                  </conditions>
                </line>
                <line number="253" hits="1" branch="False" />
                <line number="254" hits="1" branch="False" />
                <line number="255" hits="1" branch="False" />
                <line number="256" hits="2" branch="False" />
                <line number="258" hits="2" branch="False" />
                <line number="261" hits="2" branch="False" />
                <line number="262" hits="2" branch="False" />
                <line number="263" hits="2" branch="False" />
                <line number="264" hits="4" branch="False" />
                <line number="265" hits="14" branch="False" />
                <line number="266" hits="4" branch="False" />
                <line number="268" hits="4" branch="False" />
                <line number="269" hits="4" branch="False" />
              </lines>
            </method>
          </methods>
          <lines>
            <line number="148" hits="4" branch="False" />
            <line number="150" hits="4" branch="False" />
            <line number="151" hits="4" branch="False" />
            <line number="153" hits="4" branch="False" />
            <line number="154" hits="4" branch="False" />
            <line number="155" hits="4" branch="False" />
            <line number="157" hits="4" branch="False" />
            <line number="158" hits="4" branch="False" />
            <line number="159" hits="4" branch="False" />
            <line number="160" hits="4" branch="False" />
            <line number="165" hits="4" branch="False" />
            <line number="166" hits="4" branch="False" />
            <line number="168" hits="20" branch="True" condition-coverage="100% (2/2)">
              <conditions>
                <condition number="3077" type="jump" coverage="100%" />
              </conditions>
            </line>
            <line number="169" hits="4" branch="False" />
            <line number="170" hits="4" branch="True" condition-coverage="75% (3/4)">
              <conditions>
                <condition number="1316" type="jump" coverage="50%" />
                <condition number="1348" type="jump" coverage="100%" />
              </conditions>
            </line>
            <line number="172" hits="4" branch="False" />
            <line number="173" hits="4" branch="False" />
            <line number="177" hits="4" branch="True" condition-coverage="100% (2/2)">
              <conditions>
                <condition number="1428" type="jump" coverage="100%" />
              </conditions>
            </line>
            <line number="179" hits="4" branch="False" />
            <line number="180" hits="4" branch="True" condition-coverage="50% (1/2)">
              <conditions>
                <condition number="1494" type="jump" coverage="50%" />
              </conditions>
            </line>
            <line number="183" hits="4" branch="False" />
[...]
            <line number="176" hits="5" branch="False" />
            <line number="179" hits="9" branch="False" />
            <line number="181" hits="7" branch="False" />
            <line number="184" hits="7" branch="False" />
          </lines>
        </class>
        <class name="LaoHR.Shared.Models.SalarySlip" filename="LaoHR.Shared\Entities.cs" line-rate="0.8887999999999999" branch-rate="1" complexity="18">
          <methods>
            <method name="get_SlipId" signature="()" line-rate="0" branch-rate="1" complexity="1">
              <lines>
                <line number="193" hits="0" branch="False" />
              </lines>
            </method>
            <method name="get_EmployeeId" signature="()" line-rate="1" branch-rate="1" complexity="1">
              <lines>
                <line number="196" hits="2" branch="False" />
              </lines>
            </method>
            <method name="get_PeriodId" signature="()" line-rate="1" branch-rate="1" complexity="1">
              <lines>
                <line number="199" hits="2" branch="False" />
              </lines>
            </method>
            <method name="get_BaseSalary" signature="()" line-rate="1" branch-rate="1" complexity="1">
              <lines>
                <line number="202" hits="2" branch="False" />
              </lines>
            </method>
            <method name="get_OvertimePay" signature="()" line-rate="1" branch-rate="1" complexity="1">
              <lines>
                <line number="205" hits="1" branch="False" />
              </lines>
            </method>
            <method name="get_Allowances" signature="()" line-rate="1" branch-rate="1" complexity="1">
              <lines>
                <line number="208" hits="1" branch="False" />
              </lines>
            </method>
            <method name="get_GrossIncome" signature="()" line-rate="1" branch-rate="1" complexity="1">
              <lines>
                <line number="211" hits="2" branch="False" />
              </lines>
            </method>
            <method name="get_NssfBase" signature="()" line-rate="1" branch-rate="1" complexity="1">
              <lines>
                <line number="214" hits="4" branch="False" />
              </lines>
            </method>
            <method name="get_NssfEmployeeDeduction" signature="()" line-rate="1" branch-rate="1" complexity="1">
              <lines>
                <line number="217" hits="6" branch="False" />
              </lines>
            </method>
            <method name="get_NssfEmployerContribution" signature="()" line-rate="1" branch-rate="1" complexity="1">
              <lines>
                <line number="220" hits="4" branch="False" />
              </lines>
            </method>
            <method name="get_TaxableIncome" signature="()" line-rate="0" branch-rate="1" complexity="1">
              <lines>
                <line number="223" hits="0" branch="False" />
              </lines>
            </method>
            <method name="get_TaxDeduction" signature="()" line-rate="1" branch-rate="1" complexity="1">
              <lines>
                <line number="226" hits="2" branch="False" />
              </lines>
            </method>
            <method name="get_OtherDeductions" signature="()" line-rate="1" branch-rate="1" complexity="1">
              <lines>
                <line number="229" hits="2" branch="False" />
              </lines>
            </method>
            <method name="get_NetSalary" signature="()" line-rate="1" branch-rate="1" complexity="1">
              <lines>
                <line number="232" hits="6" branch="False" />
              </lines>
            </method>
            <method name="get_Status" signature="()" line-rate="1" branch-rate="1" complexity="1">
              <lines>
                <line number="235" hits="3" branch="False" />
              </lines>
            </method>
            <method name="get_CreatedAt" signature="()" line-rate="1" branch-rate="1" complexity="1">
              <lines>
                <line number="237" hits="3" branch="False" />
              </lines>
            </method>
            <method name="get_Employee" signature="()" line-rate="1" branch-rate="1" complexity="1">
              <lines>
                <line number="241" hits="5" branch="False" />
              </lines>
            </method>
            <method name="get_PayrollPeriod" signature="()" line-rate="1" branch-rate="1" complexity="1">
              <lines>
                <line number="244" hits="5" branch="False" />
              </lines>
            </method>
          </methods>
          <lines>
            <line number="193" hits="0" branch="False" />
            <line number="196" hits="2" branch="False" />
            <line number="199" hits="2" branch="False" />
            <line number="202" hits="2" branch="False" />
            <line number="205" hits="1" branch="False" />
            <line number="208" hits="1" branch="False" />
            <line number="211" hits="2" branch="False" />
            <line number="214" hits="4" branch="False" />
            <line number="217" hits="6" branch="False" />
            <line number="220" hits="4" branch="False" />
            <line number="223" hits="0" branch="False" />
            <line number="226" hits="2" branch="False" />
            <line number="229" hits="2" branch="False" />
            <line number="232" hits="6" branch="False" />
            <line number="235" hits="3" branch="False" />
            <line number="237" hits="3" branch="False" />
            <line number="241" hits="5" branch="False" />
            <line number="244" hits="5" branch="False" />
          </lines>
        </class>
        <class name="LaoHR.Shared.Models.LeaveRequest" filename="LaoHR.Shared\Entities.cs" line-rate="1" branch-rate="1" complexity="13">
          <methods>
            <method name="get_LeaveId" signature="()" line-rate="1" branch-rate="1" complexity="1">
              <lines>
                <line number="253" hits="5" branch="False" />
              </lines>
            </method>
            <method name="get_EmployeeId" signature="()" line-rate="1" branch-rate="1" complexity="1">
              <lines>
                <line number="256" hits="7" branch="False" />
              </lines>
            </method>
            <method name="get_LeaveType" signature="()" line-rate="1" branch-rate="1" complexity="1">
              <lines>
                <line number="259" hits="10" branch="False" />
              </lines>
            </method>
            <method name="get_StartDate" signature="()" line-rate="1" branch-rate="1" complexity="1">
              <lines>
                <line number="262" hits="8" branch="False" />
              </lines>
            </method>
            <method name="get_EndDate" signature="()" line-rate="1" branch-rate="1" complexity="1">
              <lines>
                <line number="265" hits="8" branch="False" />
              </lines>
            </method>
            <method name="get_TotalDays" signature="()" line-rate="1" branch-rate="1" complexity="1">
              <lines>
                <line number="267" hits="7" branch="False" />
              </lines>
            </method>
            <method name="get_Reason" signature="()" line-rate="1" branch-rate="1" complexity="1">
              <lines>
                <line number="270" hits="7" branch="False" />
              </lines>
            </method>
            <method name="get_Status" signature="()" line-rate="1" branch-rate="1" complexity="1">
              <lines>
                <line number="273" hits="9" branch="False" />
              </lines>
            </method>
            <method name="get_ApprovedById" signature="()" line-rate="1" branch-rate="1" complexity="1">
              <lines>
                <line number="275" hits="5" branch="False" />
              </lines>
            </method>
            <method name="get_ApprovedAt" signature="()" line-rate="1" branch-rate="1" complexity="1">
              <lines>
                <line number="277" hits="5" branch="False" />
              </lines>
            </method>
            <method name="get_ApproverNotes" signature="()" line-rate="1" branch-rate="1" complexity="1">
              <lines>
                <line number="280" hits="5" branch="False" />
              </lines>
            </method>
            <method name="get_CreatedAt" signature="()" line-rate="1" branch-rate="1" complexity="1">
              <lines>
                <line number="282" hits="9" branch="False" />
              </lines>
            </method>
            <method name="get_Employee" signature="()" line-rate="1" branch-rate="1" complexity="1">
              <lines>
                <line number="288" hits="1" branch="False" />
              </lines>
            </method>
          </methods>
          <lines>
            <line number="253" hits="5" branch="False" />
            <line number="256" hits="7" branch="False" />
            <line number="259" hits="10" branch="False" />
            <line number="262" hits="8" branch="False" />
            <line number="265" hits="8" branch="False" />
            <line number="267" hits="7" branch="False" />
            <line number="270" hits="7" branch="False" />
            <line number="273" hits="9" branch="False" />
            <line number="275" hits="5" branch="False" />
            <line number="277" hits="5" branch="False" />
            <line number="280" hits="5" branch="False" />
            <line number="282" hits="9" branch="False" />
            <line number="288" hits="1" branch="False" />
          </lines>
        </class>
        <class name="LaoHR.Shared.Models.TaxBracket" filename="LaoHR.Shared\Entities.cs" line-rate="1" branch-rate="1" complexity="6">
          <methods>
            <method name="get_BracketId" signature="()" line-rate="1" branch-rate="1" complexity="1">
              <lines>
                <line number="297" hits="6" branch="False" />
              </lines>
            </method>
            <method name="get_MinIncome" signature="()" line-rate="1" branch-rate="1" complexity="1">
              <lines>
                <line number="300" hits="18" branch="False" />
              </lines>
            </method>
            <method name="get_MaxIncome" signature="()" line-rate="1" branch-rate="1" complexity="1">
              <lines>
                <line number="303" hits="18" branch="False" />
              </lines>
            </method>
            <method name="get_TaxRate" signature="()" line-rate="1" branch-rate="1" complexity="1">
              <lines>
                <line number="306" hits="18" branch="False" />
              </lines>
            </method>
            <method name="get_SortOrder" signature="()" line-rate="1" branch-rate="1" complexity="1">
              <lines>
                <line number="308" hits="12" branch="False" />
              </lines>
            </method>
            <method name="get_IsActive" signature="()" line-rate="1" branch-rate="1" complexity="1">
              <lines>
                <line number="310" hits="24" branch="False" />
              </lines>
            </method>
          </methods>
          <lines>
            <line number="297" hits="6" branch="False" />
            <line number="300" hits="18" branch="False" />
            <line number="303" hits="18" branch="False" />
            <line number="306" hits="18" branch="False" />
            <line number="308" hits="12" branch="False" />
            <line number="310" hits="24" branch="False" />
          </lines>
        </class>
        <class name="LaoHR.Shared.Models.SystemSetting" filename="LaoHR.Shared\Entities.cs" line-rate="1" branch-rate="1" complexity="4">
          <methods>
            <method name="get_SettingKey" signature="()" line-rate="1" branch-rate="1" complexity="1">
              <lines>
                <line number="319" hits="103" branch="False" />
              </lines>
            </method>
            <method name="get_SettingValue" signature="()" line-rate="1" branch-rate="1" complexity="1">
              <lines>
                <line number="322" hits="103" branch="False" />
              </lines>
            </method>
            <method name="get_Description" signature="()" line-rate="1" branch-rate="1" complexity="1">
              <lines>
                <line number="325" hits="9" branch="False" />
              </lines>
            </method>
            <method name="get_UpdatedAt" signature="()" line-rate="1" branch-rate="1" complexity="1">
              <lines>
                <line number="327" hits="49" branch="False" />
              </lines>
            </method>
          </methods>
          <lines>
            <line number="319" hits="103" branch="False" />
            <line number="322" hits="103" branch="False" />
            <line number="325" hits="9" branch="False" />
            <line number="327" hits="49" branch="False" />
          </lines>
        </class>
        <class name="LaoHR.Shared.Models.Holiday" filename="LaoHR.Shared\Entities.cs" line-rate="1" branch-rate="1" complexity="6">
          <methods>
            <method name="get_HolidayId" signature="()" line-rate="1" branch-rate="1" complexity="1">
              <lines>
                <line number="336" hits="40" branch="False" />
              </lines>
            </method>
            <method name="get_Date" signature="()" line-rate="1" branch-rate="1" complexity="1">
              <lines>
                <line number="339" hits="41" branch="False" />
              </lines>
            </method>
            <method name="get_Name" signature="()" line-rate="1" branch-rate="1" complexity="1">
              <lines>
                <line number="342" hits="92" branch="False" />
              </lines>
            </method>
            <method name="get_NameEn" signature="()" line-rate="1" branch-rate="1" complexity="1">
              <lines>
                <line number="345" hits="40" branch="False" />
              </lines>
            </method>
            <method name="get_Year" signature="()" line-rate="1" branch-rate="1" complexity="1">
              <lines>
                <line number="347" hits="41" branch="False" />
              </lines>
            </method>
            <method name="get_IsRecurring" signature="()" line-rate="1" branch-rate="1" complexity="1">
              <lines>
                <line number="349" hits="40" branch="False" />
              </lines>
            </method>
          </methods>
          <lines>
            <line number="336" hits="40" branch="False" />
            <line number="339" hits="41" branch="False" />
            <line number="342" hits="92" branch="False" />
            <line number="345" hits="40" branch="False" />
            <line number="347" hits="41" branch="False" />
            <line number="349" hits="40" branch="False" />
          </lines>
        </class>
        <class name="LaoHR.Shared.Models.EmployeeDocument" filename="LaoHR.Shared\Entities.cs" line-rate="0.8571" branch-rate="1" complexity="7">
          <methods>
            <method name="get_DocumentId" signature="()" line-rate="1" branch-rate="1" complexity="1">
              <lines>
                <line number="358" hits="2" branch="False" />
              </lines>
            </method>
            <method name="get_EmployeeId" signature="()" line-rate="1" branch-rate="1" complexity="1">
              <lines>
                <line number="360" hits="2" branch="False" />
              </lines>
            </method>
            <method name="get_DocumentType" signature="()" line-rate="1" branch-rate="1" complexity="1">
              <lines>
                <line number="363" hits="3" branch="False" />
              </lines>
            </method>
            <method name="get_FileName" signature="()" line-rate="1" branch-rate="1" complexity="1">
              <lines>
                <line number="366" hits="1" branch="False" />
              </lines>
            </method>
            <method name="get_FilePath" signature="()" line-rate="1" branch-rate="1" complexity="1">
              <lines>
                <line number="369" hits="2" branch="False" />
              </lines>
            </method>
            <method name="get_UploadedAt" signature="()" line-rate="1" branch-rate="1" complexity="1">
              <lines>
                <line number="371" hits="2" branch="False" />
              </lines>
            </method>
            <method name="get_Employee" signature="()" line-rate="0" branch-rate="1" complexity="1">
              <lines>
                <line number="375" hits="0" branch="False" />
              </lines>
            </method>
          </methods>
          <lines>
            <line number="358" hits="2" branch="False" />
            <line number="360" hits="2" branch="False" />
            <line number="363" hits="3" branch="False" />
            <line number="366" hits="1" branch="False" />
            <line number="369" hits="2" branch="False" />
            <line number="371" hits="2" branch="False" />
            <line number="375" hits="0" branch="False" />
          </lines>
        </class>
        <class name="LaoHR.Shared.Models.LicenseData" filename="LaoHR.Shared\Models\LicenseData.cs" line-rate="1" branch-rate="1" complexity="8">
          <methods>
            <method name="get_LicenseId" signature="()" line-rate="1" branch-rate="1" complexity="1">
              <lines>
                <line number="7" hits="18" branch="False" />
              </lines>
            </method>
            <method name="get_CustomerName" signature="()" line-rate="1" branch-rate="1" complexity="1">
              <lines>
                <line number="8" hits="24" branch="False" />
              </lines>
            </method>
            <method name="get_Type" signature="()" line-rate="1" branch-rate="1" complexity="1">
              <lines>
                <line number="9" hits="19" branch="False" />
              </lines>
            </method>
            <method name="get_IssuedAt" signature="()" line-rate="1" branch-rate="1" complexity="1">
              <lines>
                <line number="10" hits="18" branch="False" />
              </lines>
            </method>
            <method name="get_ExpirationDate" signature="()" line-rate="1" branch-rate="1" complexity="1">
              <lines>
                <line number="11" hits="15" branch="False" />
              </lines>
            </method>
            <method name="get_MaxEmployees" signature="()" line-rate="1" branch-rate="1" complexity="1">
              <lines>
                <line number="12" hits="21" branch="False" />
              </lines>
            </method>
            <method name="get_HardwareId" signature="()" line-rate="1" branch-rate="1" complexity="1">
              <lines>
                <line number="13" hits="18" branch="False" />
              </lines>
            </method>
            <method name="get_Features" signature="()" line-rate="1" branch-rate="1" complexity="1">
              <lines>
                <line number="14" hits="18" branch="False" />
              </lines>
            </method>
          </methods>
          <lines>
            <line number="7" hits="18" branch="False" />
            <line number="8" hits="24" branch="False" />
            <line number="9" hits="19" branch="False" />
            <line number="10" hits="18" branch="False" />
            <line number="11" hits="15" branch="False" />
            <line number="12" hits="21" branch="False" />
            <line number="13" hits="18" branch="False" />
            <line number="14" hits="18" branch="False" />
          </lines>
        </class>
      </classes>
    </package>
  </packages>
</coverage>